0 info it worked if it ends with ok
1 verbose cli [ '/Users/bchelli/.nvm/versions/node/v5.7.0/bin/node',
1 verbose cli   '/Users/bchelli/.nvm/versions/node/v5.7.0/bin/npm',
1 verbose cli   'run',
1 verbose cli   'publish',
1 verbose cli   '0.1.5' ]
2 info using npm@3.6.0
3 info using node@v5.7.0
4 verbose run-script [ 'prepublish', 'publish', 'postpublish' ]
5 info lifecycle marathon-autoscale@1.0.0~prepublish: marathon-autoscale@1.0.0
6 silly lifecycle marathon-autoscale@1.0.0~prepublish: no script for prepublish, continuing
7 info lifecycle marathon-autoscale@1.0.0~publish: marathon-autoscale@1.0.0
8 verbose lifecycle marathon-autoscale@1.0.0~publish: unsafe-perm in lifecycle true
9 verbose lifecycle marathon-autoscale@1.0.0~publish: PATH: /Users/bchelli/.nvm/versions/node/v5.7.0/lib/node_modules/npm/bin/node-gyp-bin:/Users/bchelli/Sources/perso/marathon-autoscale.js/node_modules/.bin:/usr/local/sbin:/Users/bchelli/.rbenv/shims:/usr/local/terraform/bin:/home/your-user-name/terraform:/Users/bchelli/.nvm/versions/node/v5.7.0/bin:/Users/bchelli/Sources/utils:/Users/bchelli/Sources/utils:/usr/local/bin:/usr/bin:/bin:/usr/sbin:/sbin:/usr/local/git/bin:/Users/bchelli/Library/Android/sdk:/Users/bchelli/Library/Android/sdk/tools:/Users/bchelli/Library/Android/sdk/platform-tools:/Users/bchelli/Sources/go/bin:/Users/bchelli/Sources/packer:/Users/bchelli/Library/Android/sdk:/Users/bchelli/Library/Android/sdk/tools:/Users/bchelli/Library/Android/sdk/platform-tools:/Users/bchelli/Sources/go/bin:/Users/bchelli/Sources/packer
10 verbose lifecycle marathon-autoscale@1.0.0~publish: CWD: /Users/bchelli/Sources/perso/marathon-autoscale.js
11 silly lifecycle marathon-autoscale@1.0.0~publish: Args: [ '-c', './scripts/publish.sh "0.1.5"' ]
12 silly lifecycle marathon-autoscale@1.0.0~publish: Returned: code: 1  signal: null
13 info lifecycle marathon-autoscale@1.0.0~publish: Failed to exec publish script
14 verbose stack Error: marathon-autoscale@1.0.0 publish: `./scripts/publish.sh "0.1.5"`
14 verbose stack Exit status 1
14 verbose stack     at EventEmitter.<anonymous> (/Users/bchelli/.nvm/versions/node/v5.7.0/lib/node_modules/npm/lib/utils/lifecycle.js:232:16)
14 verbose stack     at emitTwo (events.js:100:13)
14 verbose stack     at EventEmitter.emit (events.js:185:7)
14 verbose stack     at ChildProcess.<anonymous> (/Users/bchelli/.nvm/versions/node/v5.7.0/lib/node_modules/npm/lib/utils/spawn.js:24:14)
14 verbose stack     at emitTwo (events.js:100:13)
14 verbose stack     at ChildProcess.emit (events.js:185:7)
14 verbose stack     at maybeClose (internal/child_process.js:827:16)
14 verbose stack     at Process.ChildProcess._handle.onexit (internal/child_process.js:211:5)
15 verbose pkgid marathon-autoscale@1.0.0
16 verbose cwd /Users/bchelli/Sources/perso/marathon-autoscale.js
17 error Darwin 15.5.0
18 error argv "/Users/bchelli/.nvm/versions/node/v5.7.0/bin/node" "/Users/bchelli/.nvm/versions/node/v5.7.0/bin/npm" "run" "publish" "0.1.5"
19 error node v5.7.0
20 error npm  v3.6.0
21 error code ELIFECYCLE
22 error marathon-autoscale@1.0.0 publish: `./scripts/publish.sh "0.1.5"`
22 error Exit status 1
23 error Failed at the marathon-autoscale@1.0.0 publish script './scripts/publish.sh "0.1.5"'.
23 error Make sure you have the latest version of node.js and npm installed.
23 error If you do, this is most likely a problem with the marathon-autoscale package,
23 error not with npm itself.
23 error Tell the author that this fails on your system:
23 error     ./scripts/publish.sh "0.1.5"
23 error You can get information on how to open an issue for this project with:
23 error     npm bugs marathon-autoscale
23 error Or if that isn't available, you can get their info via:
23 error     npm owner ls marathon-autoscale
23 error There is likely additional logging output above.
24 verbose exit [ 1, true ]
